{"C:\\Users\\Despoina\\Desktop\\crud-users-app\\usersApp\\app.js": {"path":"C:\\Users\\Despoina\\Desktop\\crud-users-app\\usersApp\\app.js","statementMap":{"0":{"start":{"line":1,"column":16},"end":{"line":1,"column":34}},"1":{"start":{"line":2,"column":12},"end":{"line":2,"column":21}},"2":{"start":{"line":3,"column":13},"end":{"line":3,"column":28}},"3":{"start":{"line":5,"column":0},"end":{"line":5,"column":24}},"4":{"start":{"line":6,"column":0},"end":{"line":6,"column":46}},"5":{"start":{"line":8,"column":18},"end":{"line":8,"column":47}},"6":{"start":{"line":9,"column":24},"end":{"line":9,"column":44}},"7":{"start":{"line":11,"column":13},"end":{"line":11,"column":44}},"8":{"start":{"line":12,"column":20},"end":{"line":12,"column":60}},"9":{"start":{"line":13,"column":13},"end":{"line":13,"column":44}},"10":{"start":{"line":20,"column":0},"end":{"line":20,"column":27}},"11":{"start":{"line":21,"column":0},"end":{"line":21,"column":28}},"12":{"start":{"line":22,"column":0},"end":{"line":22,"column":42}},"13":{"start":{"line":24,"column":0},"end":{"line":24,"column":37}},"14":{"start":{"line":26,"column":0},"end":{"line":30,"column":2}},"15":{"start":{"line":32,"column":0},"end":{"line":32,"column":20}}},"fnMap":{},"branchMap":{},"s":{"0":1,"1":1,"2":1,"3":1,"4":1,"5":1,"6":1,"7":1,"8":1,"9":1,"10":1,"11":1,"12":1,"13":1,"14":1,"15":1},"f":{},"b":{},"_coverageSchema":"1a1c01bbd47fc00a2c39e90264f33305004495a9","hash":"cb2edcda2196ba8949fab0bdc85e3b31d0c93f54"}
,"C:\\Users\\Despoina\\Desktop\\crud-users-app\\usersApp\\swagger.js": {"path":"C:\\Users\\Despoina\\Desktop\\crud-users-app\\usersApp\\swagger.js","statementMap":{"0":{"start":{"line":1,"column":12},"end":{"line":1,"column":42}},"1":{"start":{"line":2,"column":13},"end":{"line":2,"column":43}},"2":{"start":{"line":4,"column":0},"end":{"line":257,"column":1}}},"fnMap":{},"branchMap":{},"s":{"0":1,"1":1,"2":1},"f":{},"b":{},"_coverageSchema":"1a1c01bbd47fc00a2c39e90264f33305004495a9","hash":"ad0c28415ad57f0961cad36f05db056779f0e39c"}
,"C:\\Users\\Despoina\\Desktop\\crud-users-app\\usersApp\\controllers\\auth.controller.js": {"path":"C:\\Users\\Despoina\\Desktop\\crud-users-app\\usersApp\\controllers\\auth.controller.js","statementMap":{"0":{"start":{"line":1,"column":15},"end":{"line":1,"column":32}},"1":{"start":{"line":2,"column":13},"end":{"line":2,"column":44}},"2":{"start":{"line":3,"column":20},"end":{"line":3,"column":55}},"3":{"start":{"line":5,"column":0},"end":{"line":27,"column":1}},"4":{"start":{"line":6,"column":2},"end":{"line":6,"column":38}},"5":{"start":{"line":8,"column":19},"end":{"line":8,"column":36}},"6":{"start":{"line":9,"column":19},"end":{"line":9,"column":36}},"7":{"start":{"line":11,"column":2},"end":{"line":26,"column":3}},"8":{"start":{"line":12,"column":19},"end":{"line":12,"column":102}},"9":{"start":{"line":13,"column":4},"end":{"line":13,"column":32}},"10":{"start":{"line":14,"column":20},"end":{"line":14,"column":67}},"11":{"start":{"line":17,"column":4},"end":{"line":22,"column":5}},"12":{"start":{"line":18,"column":20},"end":{"line":18,"column":59}},"13":{"start":{"line":19,"column":6},"end":{"line":19,"column":56}},"14":{"start":{"line":21,"column":6},"end":{"line":21,"column":72}},"15":{"start":{"line":24,"column":4},"end":{"line":24,"column":43}},"16":{"start":{"line":25,"column":4},"end":{"line":25,"column":52}},"17":{"start":{"line":29,"column":0},"end":{"line":43,"column":1}},"18":{"start":{"line":30,"column":15},"end":{"line":30,"column":29}},"19":{"start":{"line":32,"column":2},"end":{"line":42,"column":3}},"20":{"start":{"line":33,"column":4},"end":{"line":33,"column":81}},"21":{"start":{"line":35,"column":15},"end":{"line":35,"column":49}},"22":{"start":{"line":36,"column":4},"end":{"line":41,"column":5}},"23":{"start":{"line":37,"column":6},"end":{"line":37,"column":31}},"24":{"start":{"line":38,"column":6},"end":{"line":38,"column":55}},"25":{"start":{"line":40,"column":6},"end":{"line":40,"column":76}}},"fnMap":{"0":{"name":"(anonymous_0)","decl":{"start":{"line":5,"column":16},"end":{"line":5,"column":17}},"loc":{"start":{"line":5,"column":34},"end":{"line":27,"column":1}},"line":5},"1":{"name":"(anonymous_1)","decl":{"start":{"line":29,"column":22},"end":{"line":29,"column":23}},"loc":{"start":{"line":29,"column":41},"end":{"line":43,"column":1}},"line":29}},"branchMap":{"0":{"loc":{"start":{"line":17,"column":4},"end":{"line":22,"column":5}},"type":"if","locations":[{"start":{"line":17,"column":4},"end":{"line":22,"column":5}},{"start":{"line":20,"column":11},"end":{"line":22,"column":5}}],"line":17},"1":{"loc":{"start":{"line":17,"column":8},"end":{"line":17,"column":57}},"type":"binary-expr","locations":[{"start":{"line":17,"column":8},"end":{"line":17,"column":14}},{"start":{"line":17,"column":18},"end":{"line":17,"column":46}},{"start":{"line":17,"column":50},"end":{"line":17,"column":57}}],"line":17},"2":{"loc":{"start":{"line":32,"column":2},"end":{"line":42,"column":3}},"type":"if","locations":[{"start":{"line":32,"column":2},"end":{"line":42,"column":3}},{"start":{"line":34,"column":9},"end":{"line":42,"column":3}}],"line":32},"3":{"loc":{"start":{"line":36,"column":4},"end":{"line":41,"column":5}},"type":"if","locations":[{"start":{"line":36,"column":4},"end":{"line":41,"column":5}},{"start":{"line":39,"column":11},"end":{"line":41,"column":5}}],"line":36}},"s":{"0":1,"1":1,"2":1,"3":1,"4":0,"5":0,"6":0,"7":0,"8":0,"9":0,"10":0,"11":0,"12":0,"13":0,"14":0,"15":0,"16":0,"17":1,"18":0,"19":0,"20":0,"21":0,"22":0,"23":0,"24":0,"25":0},"f":{"0":0,"1":0},"b":{"0":[0,0],"1":[0,0,0],"2":[0,0],"3":[0,0]},"_coverageSchema":"1a1c01bbd47fc00a2c39e90264f33305004495a9","hash":"531fdd62066ff23f1c88139fd7c8e93c299e8b72"}
,"C:\\Users\\Despoina\\Desktop\\crud-users-app\\usersApp\\controllers\\user.controller.js": {"path":"C:\\Users\\Despoina\\Desktop\\crud-users-app\\usersApp\\controllers\\user.controller.js","statementMap":{"0":{"start":{"line":1,"column":13},"end":{"line":1,"column":44}},"1":{"start":{"line":2,"column":20},"end":{"line":2,"column":56}},"2":{"start":{"line":3,"column":15},"end":{"line":3,"column":32}},"3":{"start":{"line":5,"column":15},"end":{"line":5,"column":42}},"4":{"start":{"line":7,"column":0},"end":{"line":20,"column":1}},"5":{"start":{"line":8,"column":2},"end":{"line":8,"column":54}},"6":{"start":{"line":10,"column":2},"end":{"line":19,"column":3}},"7":{"start":{"line":12,"column":19},"end":{"line":12,"column":46}},"8":{"start":{"line":13,"column":4},"end":{"line":13,"column":55}},"9":{"start":{"line":14,"column":4},"end":{"line":14,"column":54}},"10":{"start":{"line":16,"column":4},"end":{"line":16,"column":49}},"11":{"start":{"line":17,"column":4},"end":{"line":17,"column":56}},"12":{"start":{"line":18,"column":4},"end":{"line":18,"column":52}},"13":{"start":{"line":22,"column":0},"end":{"line":38,"column":1}},"14":{"start":{"line":23,"column":2},"end":{"line":23,"column":50}},"15":{"start":{"line":24,"column":17},"end":{"line":24,"column":36}},"16":{"start":{"line":26,"column":2},"end":{"line":37,"column":3}},"17":{"start":{"line":28,"column":19},"end":{"line":28,"column":54}},"18":{"start":{"line":29,"column":4},"end":{"line":33,"column":5}},"19":{"start":{"line":30,"column":6},"end":{"line":30,"column":56}},"20":{"start":{"line":32,"column":6},"end":{"line":32,"column":67}},"21":{"start":{"line":35,"column":4},"end":{"line":35,"column":46}},"22":{"start":{"line":36,"column":4},"end":{"line":36,"column":53}},"23":{"start":{"line":40,"column":0},"end":{"line":65,"column":1}},"24":{"start":{"line":41,"column":2},"end":{"line":41,"column":29}},"25":{"start":{"line":42,"column":13},"end":{"line":42,"column":21}},"26":{"start":{"line":43,"column":23},"end":{"line":43,"column":25}},"27":{"start":{"line":44,"column":25},"end":{"line":44,"column":71}},"28":{"start":{"line":46,"column":18},"end":{"line":56,"column":4}},"29":{"start":{"line":58,"column":2},"end":{"line":64,"column":3}},"30":{"start":{"line":59,"column":19},"end":{"line":59,"column":39}},"31":{"start":{"line":60,"column":4},"end":{"line":60,"column":55}},"32":{"start":{"line":62,"column":4},"end":{"line":62,"column":49}},"33":{"start":{"line":63,"column":4},"end":{"line":63,"column":53}},"34":{"start":{"line":67,"column":0},"end":{"line":89,"column":1}},"35":{"start":{"line":68,"column":19},"end":{"line":68,"column":36}},"36":{"start":{"line":70,"column":2},"end":{"line":70,"column":53}},"37":{"start":{"line":72,"column":21},"end":{"line":80,"column":3}},"38":{"start":{"line":82,"column":2},"end":{"line":88,"column":3}},"39":{"start":{"line":83,"column":19},"end":{"line":83,"column":92}},"40":{"start":{"line":84,"column":4},"end":{"line":84,"column":53}},"41":{"start":{"line":86,"column":4},"end":{"line":86,"column":49}},"42":{"start":{"line":87,"column":4},"end":{"line":87,"column":52}},"43":{"start":{"line":91,"column":0},"end":{"line":102,"column":1}},"44":{"start":{"line":92,"column":21},"end":{"line":92,"column":40}},"45":{"start":{"line":93,"column":4},"end":{"line":93,"column":55}},"46":{"start":{"line":95,"column":4},"end":{"line":101,"column":5}},"47":{"start":{"line":96,"column":21},"end":{"line":96,"column":69}},"48":{"start":{"line":97,"column":6},"end":{"line":97,"column":56}},"49":{"start":{"line":99,"column":6},"end":{"line":99,"column":51}},"50":{"start":{"line":100,"column":6},"end":{"line":100,"column":55}},"51":{"start":{"line":105,"column":0},"end":{"line":117,"column":1}},"52":{"start":{"line":106,"column":19},"end":{"line":106,"column":38}},"53":{"start":{"line":107,"column":16},"end":{"line":107,"column":32}},"54":{"start":{"line":108,"column":2},"end":{"line":108,"column":45}},"55":{"start":{"line":110,"column":2},"end":{"line":116,"column":3}},"56":{"start":{"line":111,"column":19},"end":{"line":111,"column":61}},"57":{"start":{"line":112,"column":4},"end":{"line":112,"column":54}},"58":{"start":{"line":114,"column":4},"end":{"line":114,"column":53}},"59":{"start":{"line":115,"column":4},"end":{"line":115,"column":53}}},"fnMap":{"0":{"name":"(anonymous_0)","decl":{"start":{"line":7,"column":18},"end":{"line":7,"column":19}},"loc":{"start":{"line":7,"column":37},"end":{"line":20,"column":1}},"line":7},"1":{"name":"(anonymous_1)","decl":{"start":{"line":22,"column":18},"end":{"line":22,"column":19}},"loc":{"start":{"line":22,"column":37},"end":{"line":38,"column":1}},"line":22},"2":{"name":"(anonymous_2)","decl":{"start":{"line":40,"column":17},"end":{"line":40,"column":18}},"loc":{"start":{"line":40,"column":36},"end":{"line":65,"column":1}},"line":40},"3":{"name":"(anonymous_3)","decl":{"start":{"line":67,"column":17},"end":{"line":67,"column":18}},"loc":{"start":{"line":67,"column":36},"end":{"line":89,"column":1}},"line":67},"4":{"name":"(anonymous_4)","decl":{"start":{"line":91,"column":27},"end":{"line":91,"column":28}},"loc":{"start":{"line":91,"column":46},"end":{"line":102,"column":1}},"line":91},"5":{"name":"(anonymous_5)","decl":{"start":{"line":105,"column":24},"end":{"line":105,"column":25}},"loc":{"start":{"line":105,"column":43},"end":{"line":117,"column":1}},"line":105}},"branchMap":{"0":{"loc":{"start":{"line":29,"column":4},"end":{"line":33,"column":5}},"type":"if","locations":[{"start":{"line":29,"column":4},"end":{"line":33,"column":5}},{"start":{"line":31,"column":11},"end":{"line":33,"column":5}}],"line":29}},"s":{"0":1,"1":1,"2":1,"3":1,"4":1,"5":1,"6":1,"7":1,"8":1,"9":1,"10":0,"11":0,"12":0,"13":1,"14":1,"15":1,"16":1,"17":1,"18":1,"19":1,"20":0,"21":0,"22":0,"23":1,"24":0,"25":0,"26":0,"27":0,"28":0,"29":0,"30":0,"31":0,"32":0,"33":0,"34":1,"35":0,"36":0,"37":0,"38":0,"39":0,"40":0,"41":0,"42":0,"43":1,"44":0,"45":0,"46":0,"47":0,"48":0,"49":0,"50":0,"51":1,"52":0,"53":0,"54":0,"55":0,"56":0,"57":0,"58":0,"59":0},"f":{"0":1,"1":1,"2":0,"3":0,"4":0,"5":0},"b":{"0":[1,0]},"_coverageSchema":"1a1c01bbd47fc00a2c39e90264f33305004495a9","hash":"8773fc71c3f1771b7e7f4ca75755ee1e79d51101"}
,"C:\\Users\\Despoina\\Desktop\\crud-users-app\\usersApp\\controllers\\user.product.controller.js": {"path":"C:\\Users\\Despoina\\Desktop\\crud-users-app\\usersApp\\controllers\\user.product.controller.js","statementMap":{"0":{"start":{"line":1,"column":21},"end":{"line":1,"column":36}},"1":{"start":{"line":2,"column":13},"end":{"line":2,"column":44}},"2":{"start":{"line":4,"column":0},"end":{"line":14,"column":1}},"3":{"start":{"line":5,"column":2},"end":{"line":5,"column":50}},"4":{"start":{"line":7,"column":2},"end":{"line":13,"column":3}},"5":{"start":{"line":8,"column":19},"end":{"line":8,"column":70}},"6":{"start":{"line":9,"column":4},"end":{"line":9,"column":53}},"7":{"start":{"line":11,"column":4},"end":{"line":11,"column":66}},"8":{"start":{"line":12,"column":4},"end":{"line":12,"column":53}},"9":{"start":{"line":16,"column":0},"end":{"line":27,"column":1}},"10":{"start":{"line":17,"column":2},"end":{"line":17,"column":48}},"11":{"start":{"line":18,"column":19},"end":{"line":18,"column":38}},"12":{"start":{"line":20,"column":2},"end":{"line":26,"column":3}},"13":{"start":{"line":21,"column":19},"end":{"line":21,"column":92}},"14":{"start":{"line":22,"column":4},"end":{"line":22,"column":54}},"15":{"start":{"line":24,"column":4},"end":{"line":24,"column":59}},"16":{"start":{"line":25,"column":4},"end":{"line":25,"column":50}},"17":{"start":{"line":29,"column":0},"end":{"line":48,"column":1}},"18":{"start":{"line":30,"column":2},"end":{"line":30,"column":41}},"19":{"start":{"line":31,"column":19},"end":{"line":31,"column":36}},"20":{"start":{"line":32,"column":19},"end":{"line":32,"column":36}},"21":{"start":{"line":34,"column":2},"end":{"line":47,"column":3}},"22":{"start":{"line":35,"column":19},"end":{"line":42,"column":5}},"23":{"start":{"line":43,"column":4},"end":{"line":43,"column":54}},"24":{"start":{"line":45,"column":4},"end":{"line":45,"column":53}},"25":{"start":{"line":46,"column":4},"end":{"line":46,"column":50}},"26":{"start":{"line":50,"column":0},"end":{"line":68,"column":1}},"27":{"start":{"line":51,"column":19},"end":{"line":51,"column":36}},"28":{"start":{"line":52,"column":21},"end":{"line":52,"column":41}},"29":{"start":{"line":53,"column":27},"end":{"line":53,"column":52}},"30":{"start":{"line":55,"column":2},"end":{"line":55,"column":57}},"31":{"start":{"line":56,"column":2},"end":{"line":67,"column":3}},"32":{"start":{"line":57,"column":19},"end":{"line":62,"column":5}},"33":{"start":{"line":63,"column":4},"end":{"line":63,"column":55}},"34":{"start":{"line":65,"column":4},"end":{"line":65,"column":54}},"35":{"start":{"line":66,"column":4},"end":{"line":66,"column":53}},"36":{"start":{"line":70,"column":0},"end":{"line":90,"column":1}},"37":{"start":{"line":71,"column":19},"end":{"line":71,"column":38}},"38":{"start":{"line":72,"column":21},"end":{"line":72,"column":35}},"39":{"start":{"line":74,"column":2},"end":{"line":74,"column":79}},"40":{"start":{"line":76,"column":2},"end":{"line":89,"column":3}},"41":{"start":{"line":77,"column":19},"end":{"line":84,"column":5}},"42":{"start":{"line":85,"column":4},"end":{"line":85,"column":55}},"43":{"start":{"line":87,"column":4},"end":{"line":87,"column":63}},"44":{"start":{"line":88,"column":4},"end":{"line":88,"column":52}},"45":{"start":{"line":92,"column":0},"end":{"line":123,"column":1}},"46":{"start":{"line":93,"column":2},"end":{"line":93,"column":71}},"47":{"start":{"line":95,"column":2},"end":{"line":122,"column":3}},"48":{"start":{"line":96,"column":19},"end":{"line":117,"column":6}},"49":{"start":{"line":118,"column":4},"end":{"line":118,"column":53}},"50":{"start":{"line":120,"column":4},"end":{"line":120,"column":42}},"51":{"start":{"line":121,"column":4},"end":{"line":121,"column":53}}},"fnMap":{"0":{"name":"(anonymous_0)","decl":{"start":{"line":4,"column":18},"end":{"line":4,"column":19}},"loc":{"start":{"line":4,"column":37},"end":{"line":14,"column":1}},"line":4},"1":{"name":"(anonymous_1)","decl":{"start":{"line":16,"column":18},"end":{"line":16,"column":19}},"loc":{"start":{"line":16,"column":37},"end":{"line":27,"column":1}},"line":16},"2":{"name":"(anonymous_2)","decl":{"start":{"line":29,"column":17},"end":{"line":29,"column":18}},"loc":{"start":{"line":29,"column":36},"end":{"line":48,"column":1}},"line":29},"3":{"name":"(anonymous_3)","decl":{"start":{"line":50,"column":17},"end":{"line":50,"column":18}},"loc":{"start":{"line":50,"column":36},"end":{"line":68,"column":1}},"line":50},"4":{"name":"(anonymous_4)","decl":{"start":{"line":70,"column":17},"end":{"line":70,"column":18}},"loc":{"start":{"line":70,"column":36},"end":{"line":90,"column":1}},"line":70},"5":{"name":"(anonymous_5)","decl":{"start":{"line":92,"column":17},"end":{"line":92,"column":18}},"loc":{"start":{"line":92,"column":36},"end":{"line":123,"column":1}},"line":92}},"branchMap":{},"s":{"0":1,"1":1,"2":1,"3":0,"4":0,"5":0,"6":0,"7":0,"8":0,"9":1,"10":0,"11":0,"12":0,"13":0,"14":0,"15":0,"16":0,"17":1,"18":0,"19":0,"20":0,"21":0,"22":0,"23":0,"24":0,"25":0,"26":1,"27":0,"28":0,"29":0,"30":0,"31":0,"32":0,"33":0,"34":0,"35":0,"36":1,"37":0,"38":0,"39":0,"40":0,"41":0,"42":0,"43":0,"44":0,"45":1,"46":0,"47":0,"48":0,"49":0,"50":0,"51":0},"f":{"0":0,"1":0,"2":0,"3":0,"4":0,"5":0},"b":{},"_coverageSchema":"1a1c01bbd47fc00a2c39e90264f33305004495a9","hash":"3d5e28d2ef7d00b945cb4a554eb73fcc6b44aeab"}
,"C:\\Users\\Despoina\\Desktop\\crud-users-app\\usersApp\\logger\\logger.js": {"path":"C:\\Users\\Despoina\\Desktop\\crud-users-app\\usersApp\\logger\\logger.js","statementMap":{"0":{"start":{"line":34,"column":0},"end":{"line":34,"column":37}},"1":{"start":{"line":35,"column":0},"end":{"line":35,"column":26}},"2":{"start":{"line":36,"column":46},"end":{"line":36,"column":64}},"3":{"start":{"line":37,"column":59},"end":{"line":37,"column":65}},"4":{"start":{"line":38,"column":17},"end":{"line":38,"column":36}},"5":{"start":{"line":40,"column":28},"end":{"line":45,"column":2}},"6":{"start":{"line":47,"column":15},"end":{"line":90,"column":2}},"7":{"start":{"line":92,"column":0},"end":{"line":92,"column":24}}},"fnMap":{},"branchMap":{},"s":{"0":1,"1":1,"2":1,"3":1,"4":1,"5":1,"6":1,"7":1},"f":{},"b":{},"_coverageSchema":"1a1c01bbd47fc00a2c39e90264f33305004495a9","hash":"f7d4d90a9449ab73b0ba02926c9b64bb4148376d"}
,"C:\\Users\\Despoina\\Desktop\\crud-users-app\\usersApp\\middlewares\\auth.middleware.js": {"path":"C:\\Users\\Despoina\\Desktop\\crud-users-app\\usersApp\\middlewares\\auth.middleware.js","statementMap":{"0":{"start":{"line":1,"column":12},"end":{"line":1,"column":35}},"1":{"start":{"line":2,"column":20},"end":{"line":2,"column":55}},"2":{"start":{"line":5,"column":21},"end":{"line":5,"column":49}},"3":{"start":{"line":7,"column":16},"end":{"line":7,"column":54}},"4":{"start":{"line":9,"column":2},"end":{"line":11,"column":3}},"5":{"start":{"line":10,"column":4},"end":{"line":10,"column":93}},"6":{"start":{"line":13,"column":17},"end":{"line":13,"column":53}},"7":{"start":{"line":15,"column":2},"end":{"line":21,"column":3}},"8":{"start":{"line":16,"column":4},"end":{"line":16,"column":26}},"9":{"start":{"line":18,"column":4},"end":{"line":18,"column":10}},"10":{"start":{"line":20,"column":4},"end":{"line":20,"column":67}},"11":{"start":{"line":25,"column":2},"end":{"line":41,"column":3}},"12":{"start":{"line":27,"column":4},"end":{"line":29,"column":5}},"13":{"start":{"line":28,"column":6},"end":{"line":28,"column":85}},"14":{"start":{"line":31,"column":22},"end":{"line":31,"column":36}},"15":{"start":{"line":34,"column":26},"end":{"line":34,"column":57}},"16":{"start":{"line":36,"column":4},"end":{"line":38,"column":5}},"17":{"start":{"line":37,"column":6},"end":{"line":37,"column":95}},"18":{"start":{"line":40,"column":4},"end":{"line":40,"column":10}},"19":{"start":{"line":44,"column":0},"end":{"line":44,"column":45}}},"fnMap":{"0":{"name":"verifyToken","decl":{"start":{"line":4,"column":9},"end":{"line":4,"column":20}},"loc":{"start":{"line":4,"column":37},"end":{"line":22,"column":1}},"line":4},"1":{"name":"verifyRoles","decl":{"start":{"line":24,"column":9},"end":{"line":24,"column":20}},"loc":{"start":{"line":24,"column":34},"end":{"line":42,"column":1}},"line":24},"2":{"name":"(anonymous_2)","decl":{"start":{"line":25,"column":9},"end":{"line":25,"column":10}},"loc":{"start":{"line":25,"column":29},"end":{"line":41,"column":3}},"line":25}},"branchMap":{"0":{"loc":{"start":{"line":7,"column":16},"end":{"line":7,"column":54}},"type":"binary-expr","locations":[{"start":{"line":7,"column":16},"end":{"line":7,"column":26}},{"start":{"line":7,"column":30},"end":{"line":7,"column":54}}],"line":7},"1":{"loc":{"start":{"line":9,"column":2},"end":{"line":11,"column":3}},"type":"if","locations":[{"start":{"line":9,"column":2},"end":{"line":11,"column":3}},{"start":{},"end":{}}],"line":9},"2":{"loc":{"start":{"line":15,"column":2},"end":{"line":21,"column":3}},"type":"if","locations":[{"start":{"line":15,"column":2},"end":{"line":21,"column":3}},{"start":{"line":19,"column":9},"end":{"line":21,"column":3}}],"line":15},"3":{"loc":{"start":{"line":27,"column":4},"end":{"line":29,"column":5}},"type":"if","locations":[{"start":{"line":27,"column":4},"end":{"line":29,"column":5}},{"start":{},"end":{}}],"line":27},"4":{"loc":{"start":{"line":27,"column":8},"end":{"line":27,"column":36}},"type":"binary-expr","locations":[{"start":{"line":27,"column":8},"end":{"line":27,"column":17}},{"start":{"line":27,"column":21},"end":{"line":27,"column":36}}],"line":27},"5":{"loc":{"start":{"line":36,"column":4},"end":{"line":38,"column":5}},"type":"if","locations":[{"start":{"line":36,"column":4},"end":{"line":38,"column":5}},{"start":{},"end":{}}],"line":36}},"s":{"0":1,"1":1,"2":1,"3":1,"4":1,"5":0,"6":1,"7":1,"8":1,"9":1,"10":0,"11":4,"12":0,"13":0,"14":0,"15":0,"16":0,"17":0,"18":0,"19":1},"f":{"0":1,"1":4,"2":0},"b":{"0":[1,1],"1":[0,1],"2":[1,0],"3":[0,0],"4":[0,0],"5":[0,0]},"_coverageSchema":"1a1c01bbd47fc00a2c39e90264f33305004495a9","hash":"43c0f8d45a706ebb7cc6ad6f244b461cb6d6b333"}
,"C:\\Users\\Despoina\\Desktop\\crud-users-app\\usersApp\\models\\user.model.js": {"path":"C:\\Users\\Despoina\\Desktop\\crud-users-app\\usersApp\\models\\user.model.js","statementMap":{"0":{"start":{"line":1,"column":17},"end":{"line":1,"column":36}},"1":{"start":{"line":3,"column":15},"end":{"line":3,"column":30}},"2":{"start":{"line":5,"column":20},"end":{"line":8,"column":16}},"3":{"start":{"line":10,"column":18},"end":{"line":13,"column":16}},"4":{"start":{"line":15,"column":21},"end":{"line":20,"column":2}},"5":{"start":{"line":22,"column":17},"end":{"line":62,"column":2}},"6":{"start":{"line":64,"column":0},"end":{"line":64,"column":51}}},"fnMap":{},"branchMap":{},"s":{"0":1,"1":1,"2":1,"3":1,"4":1,"5":1,"6":1},"f":{},"b":{},"_coverageSchema":"1a1c01bbd47fc00a2c39e90264f33305004495a9","hash":"83a24fe0c04297f32860986a2c90d07aa34dcac8"}
,"C:\\Users\\Despoina\\Desktop\\crud-users-app\\usersApp\\routes\\auth.routes.js": {"path":"C:\\Users\\Despoina\\Desktop\\crud-users-app\\usersApp\\routes\\auth.routes.js","statementMap":{"0":{"start":{"line":1,"column":16},"end":{"line":1,"column":34}},"1":{"start":{"line":2,"column":15},"end":{"line":2,"column":31}},"2":{"start":{"line":4,"column":23},"end":{"line":4,"column":64}},"3":{"start":{"line":6,"column":0},"end":{"line":6,"column":44}},"4":{"start":{"line":7,"column":0},"end":{"line":7,"column":59}},"5":{"start":{"line":9,"column":0},"end":{"line":9,"column":23}}},"fnMap":{},"branchMap":{},"s":{"0":1,"1":1,"2":1,"3":1,"4":1,"5":1},"f":{},"b":{},"_coverageSchema":"1a1c01bbd47fc00a2c39e90264f33305004495a9","hash":"b102064ef47e595513f0a7820b4d03b833f32659"}
,"C:\\Users\\Despoina\\Desktop\\crud-users-app\\usersApp\\routes\\user.products.routes.js": {"path":"C:\\Users\\Despoina\\Desktop\\crud-users-app\\usersApp\\routes\\user.products.routes.js","statementMap":{"0":{"start":{"line":1,"column":16},"end":{"line":1,"column":34}},"1":{"start":{"line":2,"column":15},"end":{"line":2,"column":31}},"2":{"start":{"line":4,"column":30},"end":{"line":4,"column":79}},"3":{"start":{"line":6,"column":0},"end":{"line":6,"column":47}},"4":{"start":{"line":7,"column":0},"end":{"line":7,"column":56}},"5":{"start":{"line":8,"column":0},"end":{"line":8,"column":47}},"6":{"start":{"line":9,"column":0},"end":{"line":9,"column":57}},"7":{"start":{"line":10,"column":0},"end":{"line":10,"column":72}},"8":{"start":{"line":11,"column":0},"end":{"line":11,"column":58}},"9":{"start":{"line":13,"column":0},"end":{"line":13,"column":24}}},"fnMap":{},"branchMap":{},"s":{"0":1,"1":1,"2":1,"3":1,"4":1,"5":1,"6":1,"7":1,"8":1,"9":1},"f":{},"b":{},"_coverageSchema":"1a1c01bbd47fc00a2c39e90264f33305004495a9","hash":"28f320eda0111731ac8d8705663bac68a0ac3a13"}
,"C:\\Users\\Despoina\\Desktop\\crud-users-app\\usersApp\\routes\\user.routes.js": {"path":"C:\\Users\\Despoina\\Desktop\\crud-users-app\\usersApp\\routes\\user.routes.js","statementMap":{"0":{"start":{"line":1,"column":16},"end":{"line":1,"column":34}},"1":{"start":{"line":2,"column":15},"end":{"line":2,"column":31}},"2":{"start":{"line":4,"column":23},"end":{"line":4,"column":64}},"3":{"start":{"line":5,"column":20},"end":{"line":5,"column":73}},"4":{"start":{"line":6,"column":20},"end":{"line":6,"column":73}},"5":{"start":{"line":8,"column":0},"end":{"line":8,"column":52}},"6":{"start":{"line":9,"column":0},"end":{"line":9,"column":49}},"7":{"start":{"line":11,"column":0},"end":{"line":11,"column":75}},"8":{"start":{"line":12,"column":0},"end":{"line":12,"column":85}},"9":{"start":{"line":13,"column":0},"end":{"line":13,"column":96}},"10":{"start":{"line":14,"column":0},"end":{"line":14,"column":106}},"11":{"start":{"line":16,"column":0},"end":{"line":16,"column":24}}},"fnMap":{},"branchMap":{},"s":{"0":1,"1":1,"2":1,"3":1,"4":1,"5":1,"6":1,"7":1,"8":1,"9":1,"10":1,"11":1},"f":{},"b":{},"_coverageSchema":"1a1c01bbd47fc00a2c39e90264f33305004495a9","hash":"b481f8ee0fc807aab8586dc764667a3af16e825f"}
,"C:\\Users\\Despoina\\Desktop\\crud-users-app\\usersApp\\services\\auth.service.js": {"path":"C:\\Users\\Despoina\\Desktop\\crud-users-app\\usersApp\\services\\auth.service.js","statementMap":{"0":{"start":{"line":1,"column":12},"end":{"line":1,"column":35}},"1":{"start":{"line":2,"column":25},"end":{"line":2,"column":55}},"2":{"start":{"line":6,"column":2},"end":{"line":6,"column":36}},"3":{"start":{"line":8,"column":18},"end":{"line":12,"column":3}},"4":{"start":{"line":14,"column":17},"end":{"line":14,"column":41}},"5":{"start":{"line":15,"column":18},"end":{"line":15,"column":36}},"6":{"start":{"line":17,"column":2},"end":{"line":17,"column":44}},"7":{"start":{"line":21,"column":17},"end":{"line":21,"column":41}},"8":{"start":{"line":23,"column":2},"end":{"line":30,"column":3}},"9":{"start":{"line":24,"column":20},"end":{"line":24,"column":45}},"10":{"start":{"line":26,"column":4},"end":{"line":26,"column":40}},"11":{"start":{"line":27,"column":4},"end":{"line":27,"column":44}},"12":{"start":{"line":29,"column":4},"end":{"line":29,"column":49}},"13":{"start":{"line":34,"column":2},"end":{"line":34,"column":30}},"14":{"start":{"line":35,"column":20},"end":{"line":35,"column":48}},"15":{"start":{"line":36,"column":24},"end":{"line":36,"column":56}},"16":{"start":{"line":37,"column":23},"end":{"line":37,"column":47}},"17":{"start":{"line":39,"column":23},"end":{"line":39,"column":79}},"18":{"start":{"line":41,"column":2},"end":{"line":57,"column":3}},"19":{"start":{"line":43,"column":23},"end":{"line":43,"column":56}},"20":{"start":{"line":44,"column":4},"end":{"line":44,"column":39}},"21":{"start":{"line":46,"column":19},"end":{"line":49,"column":6}},"22":{"start":{"line":51,"column":21},"end":{"line":51,"column":46}},"23":{"start":{"line":52,"column":4},"end":{"line":52,"column":41}},"24":{"start":{"line":53,"column":4},"end":{"line":53,"column":35}},"25":{"start":{"line":55,"column":4},"end":{"line":55,"column":57}},"26":{"start":{"line":56,"column":4},"end":{"line":56,"column":57}},"27":{"start":{"line":60,"column":0},"end":{"line":60,"column":71}}},"fnMap":{"0":{"name":"generateAccessToken","decl":{"start":{"line":4,"column":9},"end":{"line":4,"column":28}},"loc":{"start":{"line":4,"column":34},"end":{"line":18,"column":1}},"line":4},"1":{"name":"verifyAccessToken","decl":{"start":{"line":20,"column":9},"end":{"line":20,"column":26}},"loc":{"start":{"line":20,"column":33},"end":{"line":31,"column":1}},"line":20},"2":{"name":"googleAuth","decl":{"start":{"line":33,"column":15},"end":{"line":33,"column":25}},"loc":{"start":{"line":33,"column":32},"end":{"line":58,"column":1}},"line":33}},"branchMap":{},"s":{"0":1,"1":1,"2":2,"3":2,"4":2,"5":2,"6":2,"7":1,"8":1,"9":1,"10":1,"11":1,"12":0,"13":0,"14":0,"15":0,"16":0,"17":0,"18":0,"19":0,"20":0,"21":0,"22":0,"23":0,"24":0,"25":0,"26":0,"27":1},"f":{"0":2,"1":1,"2":0},"b":{},"_coverageSchema":"1a1c01bbd47fc00a2c39e90264f33305004495a9","hash":"9785a5ab0bd56096699f0c24bcedf4e29f4666e5"}
,"C:\\Users\\Despoina\\Desktop\\crud-users-app\\usersApp\\services\\user.services.js": {"path":"C:\\Users\\Despoina\\Desktop\\crud-users-app\\usersApp\\services\\user.services.js","statementMap":{"0":{"start":{"line":1,"column":13},"end":{"line":1,"column":44}},"1":{"start":{"line":4,"column":17},"end":{"line":4,"column":28}},"2":{"start":{"line":5,"column":2},"end":{"line":5,"column":16}},"3":{"start":{"line":9,"column":17},"end":{"line":9,"column":50}},"4":{"start":{"line":10,"column":2},"end":{"line":10,"column":16}},"5":{"start":{"line":14,"column":2},"end":{"line":14,"column":41}},"6":{"start":{"line":16,"column":2},"end":{"line":23,"column":3}},"7":{"start":{"line":17,"column":19},"end":{"line":17,"column":61}},"8":{"start":{"line":18,"column":4},"end":{"line":18,"column":54}},"9":{"start":{"line":19,"column":4},"end":{"line":19,"column":20}},"10":{"start":{"line":21,"column":4},"end":{"line":21,"column":62}},"11":{"start":{"line":22,"column":4},"end":{"line":22,"column":17}},"12":{"start":{"line":26,"column":0},"end":{"line":26,"column":59}}},"fnMap":{"0":{"name":"findAll","decl":{"start":{"line":3,"column":9},"end":{"line":3,"column":16}},"loc":{"start":{"line":3,"column":19},"end":{"line":6,"column":1}},"line":3},"1":{"name":"findOne","decl":{"start":{"line":8,"column":9},"end":{"line":8,"column":16}},"loc":{"start":{"line":8,"column":27},"end":{"line":11,"column":1}},"line":8},"2":{"name":"findLastInsertedUser","decl":{"start":{"line":13,"column":15},"end":{"line":13,"column":35}},"loc":{"start":{"line":13,"column":38},"end":{"line":24,"column":1}},"line":13}},"branchMap":{},"s":{"0":1,"1":1,"2":1,"3":1,"4":1,"5":1,"6":1,"7":1,"8":1,"9":1,"10":0,"11":0,"12":1},"f":{"0":1,"1":1,"2":1},"b":{},"_coverageSchema":"1a1c01bbd47fc00a2c39e90264f33305004495a9","hash":"eb8cb7bd254211a991bd7041ec7de049f4d736ee"}
}
