TN:
SF:app.js
FNF:0
FNH:0
DA:1,1
DA:2,1
DA:3,1
DA:5,1
DA:6,1
DA:8,1
DA:9,1
DA:11,1
DA:12,1
DA:13,1
DA:20,1
DA:21,1
DA:22,1
DA:24,1
DA:26,1
DA:32,1
LF:16
LH:16
BRF:0
BRH:0
end_of_record
TN:
SF:swagger.js
FNF:0
FNH:0
DA:1,1
DA:2,1
DA:4,1
LF:3
LH:3
BRF:0
BRH:0
end_of_record
TN:
SF:controllers\auth.controller.js
FN:5,(anonymous_0)
FN:29,(anonymous_1)
FNF:2
FNH:0
FNDA:0,(anonymous_0)
FNDA:0,(anonymous_1)
DA:1,1
DA:2,1
DA:3,1
DA:5,1
DA:6,0
DA:8,0
DA:9,0
DA:11,0
DA:12,0
DA:13,0
DA:14,0
DA:17,0
DA:18,0
DA:19,0
DA:21,0
DA:24,0
DA:25,0
DA:29,1
DA:30,0
DA:32,0
DA:33,0
DA:35,0
DA:36,0
DA:37,0
DA:38,0
DA:40,0
LF:26
LH:5
BRDA:17,0,0,0
BRDA:17,0,1,0
BRDA:17,1,0,0
BRDA:17,1,1,0
BRDA:17,1,2,0
BRDA:32,2,0,0
BRDA:32,2,1,0
BRDA:36,3,0,0
BRDA:36,3,1,0
BRF:9
BRH:0
end_of_record
TN:
SF:controllers\user.controller.js
FN:7,(anonymous_0)
FN:22,(anonymous_1)
FN:40,(anonymous_2)
FN:70,(anonymous_3)
FN:94,(anonymous_4)
FN:108,(anonymous_5)
FNF:6
FNH:5
FNDA:1,(anonymous_0)
FNDA:1,(anonymous_1)
FNDA:4,(anonymous_2)
FNDA:1,(anonymous_3)
FNDA:1,(anonymous_4)
FNDA:0,(anonymous_5)
DA:1,1
DA:2,1
DA:3,1
DA:5,1
DA:7,1
DA:8,1
DA:10,1
DA:12,1
DA:13,1
DA:14,1
DA:16,0
DA:17,0
DA:18,0
DA:22,1
DA:23,1
DA:24,1
DA:26,1
DA:28,1
DA:29,1
DA:30,1
DA:32,0
DA:35,0
DA:36,0
DA:40,1
DA:41,4
DA:42,4
DA:43,4
DA:44,4
DA:46,4
DA:47,3
DA:49,4
DA:61,4
DA:62,4
DA:63,1
DA:65,3
DA:66,3
DA:70,1
DA:71,1
DA:73,1
DA:75,1
DA:85,1
DA:86,1
DA:87,1
DA:89,0
DA:90,0
DA:94,1
DA:95,1
DA:96,1
DA:98,1
DA:99,1
DA:100,1
DA:102,0
DA:103,0
DA:108,1
DA:109,0
DA:110,0
DA:111,0
DA:113,0
DA:114,0
DA:115,0
DA:117,0
DA:118,0
LF:62
LH:44
BRDA:29,0,0,1
BRDA:29,0,1,0
BRDA:46,1,0,3
BRDA:46,1,1,1
BRF:4
BRH:3
end_of_record
TN:
SF:controllers\user.product.controller.js
FN:4,(anonymous_0)
FN:16,(anonymous_1)
FN:29,(anonymous_2)
FN:50,(anonymous_3)
FN:70,(anonymous_4)
FN:92,(anonymous_5)
FNF:6
FNH:0
FNDA:0,(anonymous_0)
FNDA:0,(anonymous_1)
FNDA:0,(anonymous_2)
FNDA:0,(anonymous_3)
FNDA:0,(anonymous_4)
FNDA:0,(anonymous_5)
DA:1,1
DA:2,1
DA:4,1
DA:5,0
DA:7,0
DA:8,0
DA:9,0
DA:11,0
DA:12,0
DA:16,1
DA:17,0
DA:18,0
DA:20,0
DA:21,0
DA:22,0
DA:24,0
DA:25,0
DA:29,1
DA:30,0
DA:31,0
DA:32,0
DA:34,0
DA:35,0
DA:43,0
DA:45,0
DA:46,0
DA:50,1
DA:51,0
DA:52,0
DA:53,0
DA:55,0
DA:56,0
DA:57,0
DA:63,0
DA:65,0
DA:66,0
DA:70,1
DA:71,0
DA:72,0
DA:74,0
DA:76,0
DA:77,0
DA:85,0
DA:87,0
DA:88,0
DA:92,1
DA:93,0
DA:95,0
DA:96,0
DA:118,0
DA:120,0
DA:121,0
LF:52
LH:8
BRF:0
BRH:0
end_of_record
TN:
SF:logger\logger.js
FNF:0
FNH:0
DA:34,1
DA:35,1
DA:36,1
DA:37,1
DA:38,1
DA:40,1
DA:47,1
DA:92,1
LF:8
LH:8
BRF:0
BRH:0
end_of_record
TN:
SF:middlewares\auth.middleware.js
FN:4,verifyToken
FN:24,verifyRoles
FN:25,(anonymous_2)
FNF:3
FNH:3
FNDA:7,verifyToken
FNDA:4,verifyRoles
FNDA:6,(anonymous_2)
DA:1,1
DA:2,1
DA:5,7
DA:7,7
DA:9,7
DA:10,0
DA:13,7
DA:15,7
DA:16,7
DA:18,7
DA:20,0
DA:25,4
DA:27,6
DA:28,0
DA:31,6
DA:34,6
DA:36,6
DA:37,0
DA:40,6
DA:44,1
LF:20
LH:16
BRDA:7,0,0,7
BRDA:7,0,1,7
BRDA:9,1,0,0
BRDA:9,1,1,7
BRDA:15,2,0,7
BRDA:15,2,1,0
BRDA:27,3,0,0
BRDA:27,3,1,6
BRDA:27,4,0,6
BRDA:27,4,1,6
BRDA:36,5,0,0
BRDA:36,5,1,6
BRF:12
BRH:8
end_of_record
TN:
SF:models\user.model.js
FNF:0
FNH:0
DA:1,1
DA:3,1
DA:5,1
DA:10,1
DA:15,1
DA:22,1
DA:64,1
LF:7
LH:7
BRF:0
BRH:0
end_of_record
TN:
SF:routes\auth.routes.js
FNF:0
FNH:0
DA:1,1
DA:2,1
DA:4,1
DA:6,1
DA:7,1
DA:9,1
LF:6
LH:6
BRF:0
BRH:0
end_of_record
TN:
SF:routes\user.products.routes.js
FNF:0
FNH:0
DA:1,1
DA:2,1
DA:4,1
DA:6,1
DA:7,1
DA:8,1
DA:9,1
DA:10,1
DA:11,1
DA:13,1
LF:10
LH:10
BRF:0
BRH:0
end_of_record
TN:
SF:routes\user.routes.js
FNF:0
FNH:0
DA:1,1
DA:2,1
DA:4,1
DA:5,1
DA:6,1
DA:8,1
DA:9,1
DA:11,1
DA:12,1
DA:13,1
DA:14,1
DA:16,1
LF:12
LH:12
BRF:0
BRH:0
end_of_record
TN:
SF:services\auth.service.js
FN:4,generateAccessToken
FN:20,verifyAccessToken
FN:33,googleAuth
FNF:3
FNH:2
FNDA:2,generateAccessToken
FNDA:7,verifyAccessToken
FNDA:0,googleAuth
DA:1,1
DA:2,1
DA:8,2
DA:14,2
DA:15,2
DA:17,2
DA:21,7
DA:23,7
DA:24,7
DA:26,7
DA:27,7
DA:29,0
DA:34,0
DA:35,0
DA:36,0
DA:37,0
DA:39,0
DA:41,0
DA:43,0
DA:44,0
DA:46,0
DA:51,0
DA:52,0
DA:53,0
DA:55,0
DA:56,0
DA:60,1
LF:27
LH:12
BRF:0
BRH:0
end_of_record
TN:
SF:services\user.services.js
FN:3,findAll
FN:8,findOne
FN:13,findLastInsertedUser
FNF:3
FNH:3
FNDA:1,findAll
FNDA:1,findOne
FNDA:3,findLastInsertedUser
DA:1,1
DA:4,1
DA:5,1
DA:9,1
DA:10,1
DA:14,3
DA:16,3
DA:17,3
DA:18,3
DA:19,3
DA:21,0
DA:22,0
DA:26,1
LF:13
LH:11
BRF:0
BRH:0
end_of_record
